<?xml version="1.0" encoding="UTF-8" standalone="no"?><testsuite errors="1" failures="0" name="Auth" skipped="0" tests="3" time="12.94" timestamp="2022-05-16 02:41:06"><testcase name="As a user I want to login"/><testcase name="Failed login"/><testcase name="Register account"><error message="invalid element state&#10;  (Session info: chrome=101.0.4951.64)&#10;Build info: version: '4.1.2', revision: '9a5a329c5a'&#10;System info: host: 'craft-project18', ip: 'fe80:0:0:0:8b:8441:2241:4674%en0', os.name: 'Mac OS X', os.arch: 'aarch64', os.version: '12.3.1', java.version: '18.0.1.1'&#10;Driver info: org.openqa.selenium.chrome.ChromeDriver&#10;Command: [2a9fbf11a3fd7fb6c85c0778a50dcd63, clearElement {id=c2d29911-90f8-4fbd-88b4-bfd2f476ca22}]&#10;Capabilities {acceptInsecureCerts: false, browserName: chrome, browserVersion: 101.0.4951.64, chrome: {chromedriverVersion: 100.0.4896.60 (6a5d10861ce8..., userDataDir: /var/folders/56/vsyp7_zn32j...}, goog:chromeOptions: {debuggerAddress: localhost:52360}, javascriptEnabled: true, networkConnectionEnabled: false, pageLoadStrategy: normal, platform: MAC, platformName: MAC, proxy: Proxy(), se:cdp: ws://localhost:52360/devtoo..., se:cdpVersion: 101.0.4951.64, setWindowRect: true, strictFileInteractability: false, timeouts: {implicit: 0, pageLoad: 300000, script: 30000}, unhandledPromptBehavior: dismiss and notify, webauthn:extension:credBlob: true, webauthn:extension:largeBlob: true, webauthn:virtualAuthenticators: true}&#10;Element: [[ChromeDriver: chrome on MAC (2a9fbf11a3fd7fb6c85c0778a50dcd63)] -&gt; xpath: //*[@id=&quot;app&quot;]/div/main/div/div/div/div[2]/form/div[1]/div/div[1]]&#10;Session ID: 2a9fbf11a3fd7fb6c85c0778a50dcd63" type="org.openqa.selenium.InvalidElementStateException">invalid element state
  (Session info: chrome=101.0.4951.64)
Build info: version: '4.1.2', revision: '9a5a329c5a'
System info: host: 'craft-project18', ip: 'fe80:0:0:0:8b:8441:2241:4674%en0', os.name: 'Mac OS X', os.arch: 'aarch64', os.version: '12.3.1', java.version: '18.0.1.1'
Driver info: org.openqa.selenium.chrome.ChromeDriver
Command: [2a9fbf11a3fd7fb6c85c0778a50dcd63, clearElement {id=c2d29911-90f8-4fbd-88b4-bfd2f476ca22}]
Capabilities {acceptInsecureCerts: false, browserName: chrome, browserVersion: 101.0.4951.64, chrome: {chromedriverVersion: 100.0.4896.60 (6a5d10861ce8..., userDataDir: /var/folders/56/vsyp7_zn32j...}, goog:chromeOptions: {debuggerAddress: localhost:52360}, javascriptEnabled: true, networkConnectionEnabled: false, pageLoadStrategy: normal, platform: MAC, platformName: MAC, proxy: Proxy(), se:cdp: ws://localhost:52360/devtoo..., se:cdpVersion: 101.0.4951.64, setWindowRect: true, strictFileInteractability: false, timeouts: {implicit: 0, pageLoad: 300000, script: 30000}, unhandledPromptBehavior: dismiss and notify, webauthn:extension:credBlob: true, webauthn:extension:largeBlob: true, webauthn:virtualAuthenticators: true}
Element: [[ChromeDriver: chrome on MAC (2a9fbf11a3fd7fb6c85c0778a50dcd63)] -&gt; xpath: //*[@id="app"]/div/main/div/div/div/div[2]/form/div[1]/div/div[1]]
Session ID: 2a9fbf11a3fd7fb6c85c0778a50dcd63</error><system-err>invalid element state
  (Session info: chrome=101.0.4951.64)
Build info: version: '4.1.2', revision: '9a5a329c5a'
System info: host: 'craft-project18', ip: 'fe80:0:0:0:8b:8441:2241:4674%en0', os.name: 'Mac OS X', os.arch: 'aarch64', os.version: '12.3.1', java.version: '18.0.1.1'
Driver info: org.openqa.selenium.chrome.ChromeDriver
Command: [2a9fbf11a3fd7fb6c85c0778a50dcd63, clearElement {id=c2d29911-90f8-4fbd-88b4-bfd2f476ca22}]
Capabilities {acceptInsecureCerts: false, browserName: chrome, browserVersion: 101.0.4951.64, chrome: {chromedriverVersion: 100.0.4896.60 (6a5d10861ce8..., userDataDir: /var/folders/56/vsyp7_zn32j...}, goog:chromeOptions: {debuggerAddress: localhost:52360}, javascriptEnabled: true, networkConnectionEnabled: false, pageLoadStrategy: normal, platform: MAC, platformName: MAC, proxy: Proxy(), se:cdp: ws://localhost:52360/devtoo..., se:cdpVersion: 101.0.4951.64, setWindowRect: true, strictFileInteractability: false, timeouts: {implicit: 0, pageLoad: 300000, script: 30000}, unhandledPromptBehavior: dismiss and notify, webauthn:extension:credBlob: true, webauthn:extension:largeBlob: true, webauthn:virtualAuthenticators: true}
Element: [[ChromeDriver: chrome on MAC (2a9fbf11a3fd7fb6c85c0778a50dcd63)] -&gt; xpath: //*[@id="app"]/div/main/div/div/div/div[2]/form/div[1]/div/div[1]]
Session ID: 2a9fbf11a3fd7fb6c85c0778a50dcd63
pages.RegisPage.inputNamaLengkapRegist(RegisPage.java:39)
stepdefinitions.RegistSteps.iInputValidNamaLengkap(RegistSteps.java:31)
io.cucumber.java.Invoker.doInvoke(Invoker.java:66)
io.cucumber.java.Invoker.invoke(Invoker.java:24)
io.cucumber.java.AbstractGlueDefinition.invokeMethod(AbstractGlueDefinition.java:47)
io.cucumber.java.JavaStepDefinition.execute(JavaStepDefinition.java:29)
io.cucumber.core.runner.CoreStepDefinition.execute(CoreStepDefinition.java:66)
io.cucumber.core.runner.PickleStepDefinitionMatch.runStep(PickleStepDefinitionMatch.java:63)
io.cucumber.core.runner.TestStep.executeStep(TestStep.java:86)
io.cucumber.core.runner.TestStep.run(TestStep.java:57)
io.cucumber.core.runner.PickleStepTestStep.run(PickleStepTestStep.java:51)
io.cucumber.core.runner.TestCase.run(TestCase.java:95)
io.cucumber.core.runner.Runner.runPickle(Runner.java:75)
io.cucumber.core.runtime.CucumberExecutionContext.lambda$runTestCase$3(CucumberExecutionContext.java:151)
io.cucumber.core.runtime.RethrowingThrowableCollector.executeAndThrow(RethrowingThrowableCollector.java:23)
io.cucumber.core.runtime.CucumberExecutionContext.runTestCase(CucumberExecutionContext.java:151)
io.cucumber.junit.FeatureRunner.runChild(FeatureRunner.java:144)
io.cucumber.junit.FeatureRunner.runChild(FeatureRunner.java:28)
io.cucumber.junit.FeatureRunner.run(FeatureRunner.java:137)
io.cucumber.junit.CucumberSerenityRunner.runChild(CucumberSerenityRunner.java:258)
io.cucumber.junit.CucumberSerenityRunner.runChild(CucumberSerenityRunner.java:58)
</system-err></testcase></testsuite>